<?xml version="1.0" encoding="UTF-8"?>
<!-- Generated by org.testng.reporters.JUnitReportReporter -->
<testsuite skipped="0" hostname="测试PC2" name="testInterface.test_V1.login_v5" tests="7" failures="0" timestamp="03 七月 2020 07:59:20 GMT" time="2.583" errors="0">
  <testcase name="login" time="0.069" classname="testInterface.test_V1.login_v5"/>
  <testcase name="login" time="0.480" classname="testInterface.test_V1.login_v5"/>
  <testcase name="login" time="0.101" classname="testInterface.test_V1.login_v5"/>
  <testcase name="login" time="0.081" classname="testInterface.test_V1.login_v5"/>
  <testcase name="login" time="1.261" classname="testInterface.test_V1.login_v5"/>
  <testcase name="login" time="0.080" classname="testInterface.test_V1.login_v5"/>
  <testcase name="login" time="0.511" classname="testInterface.test_V1.login_v5"/>
</testsuite> <!-- testInterface.test_V1.login_v5 -->
