<?xml version="1.0" encoding="UTF-8"?>
<!-- Generated by org.testng.reporters.JUnitReportReporter -->
<testsuite skipped="0" hostname="测试PC2" name="testInterface.test_V1.login_v11" tests="7" failures="0" timestamp="15 七月 2020 03:41:08 GMT" time="2.386" errors="0">
  <testcase name="login" time="0.103" classname="testInterface.test_V1.login_v11"/>
  <testcase name="login" time="1.028" classname="testInterface.test_V1.login_v11"/>
  <testcase name="login" time="0.093" classname="testInterface.test_V1.login_v11"/>
  <testcase name="login" time="0.498" classname="testInterface.test_V1.login_v11"/>
  <testcase name="login" time="0.077" classname="testInterface.test_V1.login_v11"/>
  <testcase name="login" time="0.496" classname="testInterface.test_V1.login_v11"/>
  <testcase name="login" time="0.091" classname="testInterface.test_V1.login_v11"/>
</testsuite> <!-- testInterface.test_V1.login_v11 -->
