<?xml version="1.0" encoding="UTF-8"?>
<!-- Generated by org.testng.reporters.JUnitReportReporter -->
<testsuite skipped="0" hostname="测试PC2" name="testInterface.test_V1.login_v9" tests="7" failures="0" timestamp="06 七月 2020 08:19:53 GMT" time="2.793" errors="0">
  <testcase name="login" time="0.547" classname="testInterface.test_V1.login_v9"/>
  <testcase name="login" time="0.541" classname="testInterface.test_V1.login_v9"/>
  <testcase name="login" time="0.134" classname="testInterface.test_V1.login_v9"/>
  <testcase name="login" time="0.123" classname="testInterface.test_V1.login_v9"/>
  <testcase name="login" time="1.203" classname="testInterface.test_V1.login_v9"/>
  <testcase name="login" time="0.125" classname="testInterface.test_V1.login_v9"/>
  <testcase name="login" time="0.120" classname="testInterface.test_V1.login_v9"/>
</testsuite> <!-- testInterface.test_V1.login_v9 -->
