<?xml version="1.0" encoding="UTF-8"?>
<!-- Generated by org.testng.reporters.JUnitReportReporter -->
<testsuite skipped="0" hostname="测试PC2" name="testInterface.test_V1.login_v3" tests="7" failures="0" timestamp="03 七月 2020 07:02:38 GMT" time="2.357" errors="0">
  <testcase name="login" time="0.091" classname="testInterface.test_V1.login_v3"/>
  <testcase name="login" time="0.498" classname="testInterface.test_V1.login_v3"/>
  <testcase name="login" time="0.079" classname="testInterface.test_V1.login_v3"/>
  <testcase name="login" time="0.083" classname="testInterface.test_V1.login_v3"/>
  <testcase name="login" time="1.004" classname="testInterface.test_V1.login_v3"/>
  <testcase name="login" time="0.090" classname="testInterface.test_V1.login_v3"/>
  <testcase name="login" time="0.512" classname="testInterface.test_V1.login_v3"/>
</testsuite> <!-- testInterface.test_V1.login_v3 -->
