<?xml version="1.0" encoding="UTF-8"?>
<!-- Generated by org.testng.reporters.JUnitReportReporter -->
<testsuite skipped="0" hostname="测试PC2" name="testInterface.cases.getCategoryCase" tests="3" failures="0" timestamp="08 九月 2020 01:34:14 GMT" time="2.973" errors="0">
  <testcase name="test" time="0.088" classname="testInterface.cases.getCategoryCase"/>
  <testcase name="test" time="0.099" classname="testInterface.cases.getCategoryCase"/>
  <testcase name="test" time="2.786" classname="testInterface.cases.getCategoryCase"/>
</testsuite> <!-- testInterface.cases.getCategoryCase -->
