<?xml version="1.0" encoding="UTF-8"?>
<!-- Generated by org.testng.reporters.JUnitReportReporter -->
<testsuite skipped="0" hostname="测试PC2" name="testInterface.test_V1.login_v12" tests="7" failures="0" timestamp="31 八月 2020 01:31:22 GMT" time="7.902" errors="0">
  <testcase name="test" time="0.741" classname="testInterface.test_V1.login_v12"/>
  <testcase name="test" time="1.281" classname="testInterface.test_V1.login_v12"/>
  <testcase name="test" time="0.794" classname="testInterface.test_V1.login_v12"/>
  <testcase name="test" time="1.354" classname="testInterface.test_V1.login_v12"/>
  <testcase name="test" time="0.801" classname="testInterface.test_V1.login_v12"/>
  <testcase name="test" time="2.239" classname="testInterface.test_V1.login_v12"/>
  <testcase name="test" time="0.692" classname="testInterface.test_V1.login_v12"/>
</testsuite> <!-- testInterface.test_V1.login_v12 -->
