<?xml version="1.0" encoding="UTF-8"?>
<!-- Generated by org.testng.reporters.JUnitReportReporter -->
<testsuite skipped="0" hostname="测试PC2" name="testInterface.test_V1.login_v6" tests="7" failures="0" timestamp="24 七月 2020 01:40:04 GMT" time="4.049" errors="0">
  <testcase name="login" time="2.699" classname="testInterface.test_V1.login_v6"/>
  <testcase name="login" time="0.082" classname="testInterface.test_V1.login_v6"/>
  <testcase name="login" time="0.512" classname="testInterface.test_V1.login_v6"/>
  <testcase name="login" time="0.519" classname="testInterface.test_V1.login_v6"/>
  <testcase name="login" time="0.071" classname="testInterface.test_V1.login_v6"/>
  <testcase name="login" time="0.081" classname="testInterface.test_V1.login_v6"/>
  <testcase name="login" time="0.085" classname="testInterface.test_V1.login_v6"/>
</testsuite> <!-- testInterface.test_V1.login_v6 -->
