<?xml version="1.0" encoding="UTF-8"?>
<!-- Generated by org.testng.reporters.JUnitReportReporter -->
<testsuite skipped="0" hostname="测试PC2" name="testInterface.test_V1.addCategory" tests="1" failures="0" timestamp="15 七月 2020 01:04:09 GMT" time="0.090" errors="0">
  <testcase name="login" time="0.090" classname="testInterface.test_V1.addCategory"/>
</testsuite> <!-- testInterface.test_V1.addCategory -->
