<?xml version="1.0" encoding="UTF-8"?>
<!-- Generated by org.testng.reporters.JUnitReportReporter -->
<testsuite skipped="0" hostname="测试PC2" name="testInterface.test_V1.login_v7" tests="7" failures="0" timestamp="24 七月 2020 01:45:12 GMT" time="2.498" errors="0">
  <testcase name="login" time="1.104" classname="testInterface.test_V1.login_v7"/>
  <testcase name="login" time="0.531" classname="testInterface.test_V1.login_v7"/>
  <testcase name="login" time="0.095" classname="testInterface.test_V1.login_v7"/>
  <testcase name="login" time="0.087" classname="testInterface.test_V1.login_v7"/>
  <testcase name="login" time="0.076" classname="testInterface.test_V1.login_v7"/>
  <testcase name="login" time="0.507" classname="testInterface.test_V1.login_v7"/>
  <testcase name="login" time="0.098" classname="testInterface.test_V1.login_v7"/>
</testsuite> <!-- testInterface.test_V1.login_v7 -->
