<?xml version="1.0" encoding="UTF-8"?>
<!-- Generated by org.testng.reporters.JUnitReportReporter -->
<testsuite skipped="0" hostname="测试PC2" name="testInterface.test_V1.login_v1" tests="3" failures="0" timestamp="03 七月 2020 01:55:35 GMT" time="1.623" errors="0">
  <testcase name="login_3" time="0.506" classname="testInterface.test_V1.login_v1"/>
  <testcase name="login_2" time="0.093" classname="testInterface.test_V1.login_v1"/>
  <testcase name="login_1" time="1.024" classname="testInterface.test_V1.login_v1"/>
</testsuite> <!-- testInterface.test_V1.login_v1 -->
