<?xml version="1.0" encoding="UTF-8"?>
<!-- Generated by org.testng.reporters.JUnitReportReporter -->
<testsuite skipped="0" hostname="测试PC2" name="testInterface.test_V1.login_v8" tests="7" failures="0" timestamp="24 七月 2020 07:55:18 GMT" time="2.804" errors="0">
  <testcase name="login" time="1.130" classname="testInterface.test_V1.login_v8"/>
  <testcase name="login" time="0.557" classname="testInterface.test_V1.login_v8"/>
  <testcase name="login" time="0.129" classname="testInterface.test_V1.login_v8"/>
  <testcase name="login" time="0.168" classname="testInterface.test_V1.login_v8"/>
  <testcase name="login" time="0.124" classname="testInterface.test_V1.login_v8"/>
  <testcase name="login" time="0.557" classname="testInterface.test_V1.login_v8"/>
  <testcase name="login" time="0.139" classname="testInterface.test_V1.login_v8"/>
</testsuite> <!-- testInterface.test_V1.login_v8 -->
