<?xml version="1.0" encoding="UTF-8"?>
<!-- Generated by org.testng.reporters.JUnitReportReporter -->
<testsuite skipped="0" hostname="测试PC2" name="testInterface.cases.addCategoryCase" tests="1" failures="0" timestamp="08 九月 2020 01:27:09 GMT" time="1.833" errors="0">
  <testcase name="test" time="1.833" classname="testInterface.cases.addCategoryCase"/>
</testsuite> <!-- testInterface.cases.addCategoryCase -->
