<?xml version="1.0" encoding="UTF-8"?>
<!-- Generated by org.testng.reporters.JUnitReportReporter -->
<testsuite skipped="0" hostname="测试PC2" name="testInterface.test_V1.login_v10" tests="7" failures="0" timestamp="06 七月 2020 08:37:48 GMT" time="2.343" errors="0">
  <testcase name="login" time="0.096" classname="testInterface.test_V1.login_v10"/>
  <testcase name="login" time="0.486" classname="testInterface.test_V1.login_v10"/>
  <testcase name="login" time="0.485" classname="testInterface.test_V1.login_v10"/>
  <testcase name="login" time="0.998" classname="testInterface.test_V1.login_v10"/>
  <testcase name="login" time="0.081" classname="testInterface.test_V1.login_v10"/>
  <testcase name="login" time="0.104" classname="testInterface.test_V1.login_v10"/>
  <testcase name="login" time="0.093" classname="testInterface.test_V1.login_v10"/>
</testsuite> <!-- testInterface.test_V1.login_v10 -->
