<?xml version="1.0" encoding="UTF-8"?>
<!-- Generated by org.testng.reporters.JUnitReportReporter -->
<testsuite skipped="0" hostname="测试PC2" name="testInterface.cases.loginCase" tests="7" failures="0" timestamp="07 九月 2020 09:13:03 GMT" time="7.698" errors="0">
  <testcase name="test" time="0.801" classname="testInterface.cases.loginCase"/>
  <testcase name="test" time="0.884" classname="testInterface.cases.loginCase"/>
  <testcase name="test" time="0.759" classname="testInterface.cases.loginCase"/>
  <testcase name="test" time="0.798" classname="testInterface.cases.loginCase"/>
  <testcase name="test" time="0.828" classname="testInterface.cases.loginCase"/>
  <testcase name="test" time="2.726" classname="testInterface.cases.loginCase"/>
  <testcase name="test" time="0.902" classname="testInterface.cases.loginCase"/>
</testsuite> <!-- testInterface.cases.loginCase -->
