<?xml version="1.0" encoding="UTF-8"?>
<!-- Generated by org.testng.reporters.JUnitReportReporter -->
<testsuite skipped="0" hostname="测试PC2" name="testInterface.test_V1.login_v4" tests="7" failures="0" timestamp="03 七月 2020 07:24:50 GMT" time="3.571" errors="0">
  <testcase name="login" time="0.079" classname="testInterface.test_V1.login_v4"/>
  <testcase name="login" time="1.820" classname="testInterface.test_V1.login_v4"/>
  <testcase name="login" time="0.091" classname="testInterface.test_V1.login_v4"/>
  <testcase name="login" time="0.093" classname="testInterface.test_V1.login_v4"/>
  <testcase name="login" time="0.905" classname="testInterface.test_V1.login_v4"/>
  <testcase name="login" time="0.110" classname="testInterface.test_V1.login_v4"/>
  <testcase name="login" time="0.473" classname="testInterface.test_V1.login_v4"/>
</testsuite> <!-- testInterface.test_V1.login_v4 -->
