<?xml version="1.0" encoding="UTF-8"?>
<!-- Generated by org.testng.reporters.JUnitReportReporter -->
<testsuite skipped="0" hostname="测试PC2" name="testInterface.test_V1.login_v2" tests="7" failures="0" timestamp="03 七月 2020 02:53:57 GMT" time="3.628" errors="0">
  <testcase name="login" time="0.688" classname="testInterface.test_V1.login_v2"/>
  <testcase name="login" time="1.115" classname="testInterface.test_V1.login_v2"/>
  <testcase name="login" time="0.965" classname="testInterface.test_V1.login_v2"/>
  <testcase name="login" time="0.576" classname="testInterface.test_V1.login_v2"/>
  <testcase name="login" time="0.098" classname="testInterface.test_V1.login_v2"/>
  <testcase name="login" time="0.088" classname="testInterface.test_V1.login_v2"/>
  <testcase name="login" time="0.098" classname="testInterface.test_V1.login_v2"/>
</testsuite> <!-- testInterface.test_V1.login_v2 -->
